2020-01-19 20:32:11.144  INFO 4348 --- [restartedMain] c.jrp.pma.ProjectManagementApplication   : Starting ProjectManagementApplication on DESKTOP-KGITG3T with PID 4348 (C:\Users\Gungnir\Documents\workspace-spring-tool-suite-4-4.4.2.RELEASE\project-management\target\classes started by Gungnir in C:\Users\Gungnir\Documents\workspace-spring-tool-suite-4-4.4.2.RELEASE\project-management)
2020-01-19 20:32:11.150 DEBUG 4348 --- [restartedMain] c.jrp.pma.ProjectManagementApplication   : Running with Spring Boot v2.1.4.RELEASE, Spring v5.1.6.RELEASE
2020-01-19 20:32:11.150  INFO 4348 --- [restartedMain] c.jrp.pma.ProjectManagementApplication   : The following profiles are active: dev
2020-01-19 20:32:11.438  INFO 4348 --- [restartedMain] .s.d.r.c.RepositoryConfigurationDelegate : Bootstrapping Spring Data repositories in DEFAULT mode.
2020-01-19 20:32:11.503  INFO 4348 --- [restartedMain] .s.d.r.c.RepositoryConfigurationDelegate : Finished Spring Data repository scanning in 23ms. Found 3 repository interfaces.
2020-01-19 20:32:11.620  INFO 4348 --- [restartedMain] trationDelegate$BeanPostProcessorChecker : Bean 'org.springframework.transaction.annotation.ProxyTransactionManagementConfiguration' of type [org.springframework.transaction.annotation.ProxyTransactionManagementConfiguration$$EnhancerBySpringCGLIB$$efdf431] is not eligible for getting processed by all BeanPostProcessors (for example: not eligible for auto-proxying)
2020-01-19 20:32:11.746  INFO 4348 --- [restartedMain] o.s.b.w.embedded.tomcat.TomcatWebServer  : Tomcat initialized with port(s): 8080 (http)
2020-01-19 20:32:11.777  INFO 4348 --- [restartedMain] o.s.web.context.ContextLoader            : Root WebApplicationContext: initialization completed in 623 ms
2020-01-19 20:32:12.887  INFO 4348 --- [restartedMain] j.LocalContainerEntityManagerFactoryBean : Initialized JPA EntityManagerFactory for persistence unit 'default'
2020-01-19 20:32:13.091  INFO 4348 --- [restartedMain] o.s.s.concurrent.ThreadPoolTaskExecutor  : Initializing ExecutorService 'applicationTaskExecutor'
2020-01-19 20:32:13.100  WARN 4348 --- [restartedMain] aWebConfiguration$JpaWebMvcConfiguration : spring.jpa.open-in-view is enabled by default. Therefore, database queries may be performed during view rendering. Explicitly configure spring.jpa.open-in-view to disable this warning
2020-01-19 20:32:13.259  INFO 4348 --- [restartedMain] o.s.b.d.a.OptionalLiveReloadServer       : LiveReload server is running on port 35729
2020-01-19 20:32:13.288  INFO 4348 --- [restartedMain] o.s.b.w.embedded.tomcat.TomcatWebServer  : Tomcat started on port(s): 8080 (http) with context path ''
2020-01-19 20:32:13.289  INFO 4348 --- [restartedMain] c.jrp.pma.ProjectManagementApplication   : Started ProjectManagementApplication in 2.206 seconds (JVM running for 49.409)
2020-01-19 20:32:13.292  INFO 4348 --- [restartedMain] .ConditionEvaluationDeltaLoggingListener : Condition evaluation unchanged
2020-01-19 20:35:02.653  INFO 4348 --- [RMI TCP Connection(17)-127.0.0.1] inMXBeanRegistrar$SpringApplicationAdmin : Application shutdown requested.
2020-01-19 20:35:02.657  INFO 4348 --- [RMI TCP Connection(17)-127.0.0.1] o.s.s.concurrent.ThreadPoolTaskExecutor  : Shutting down ExecutorService 'applicationTaskExecutor'
2020-01-19 20:35:02.658  INFO 4348 --- [RMI TCP Connection(17)-127.0.0.1] j.LocalContainerEntityManagerFactoryBean : Closing JPA EntityManagerFactory for persistence unit 'default'
2020-01-19 20:35:12.386  INFO 15276 --- [restartedMain] c.jrp.pma.ProjectManagementApplication   : Starting ProjectManagementApplication on DESKTOP-KGITG3T with PID 15276 (C:\Users\Gungnir\Documents\workspace-spring-tool-suite-4-4.4.2.RELEASE\project-management\target\classes started by Gungnir in C:\Users\Gungnir\Documents\workspace-spring-tool-suite-4-4.4.2.RELEASE\project-management)
2020-01-19 20:35:12.388 DEBUG 15276 --- [restartedMain] c.jrp.pma.ProjectManagementApplication   : Running with Spring Boot v2.1.4.RELEASE, Spring v5.1.6.RELEASE
2020-01-19 20:35:12.389  INFO 15276 --- [restartedMain] c.jrp.pma.ProjectManagementApplication   : The following profiles are active: dev
2020-01-19 20:35:12.438  INFO 15276 --- [restartedMain] .e.DevToolsPropertyDefaultsPostProcessor : Devtools property defaults active! Set 'spring.devtools.add-properties' to 'false' to disable
2020-01-19 20:35:12.439  INFO 15276 --- [restartedMain] .e.DevToolsPropertyDefaultsPostProcessor : For additional web related logging consider setting the 'logging.level.web' property to 'DEBUG'
2020-01-19 20:35:13.240  INFO 15276 --- [restartedMain] .s.d.r.c.RepositoryConfigurationDelegate : Bootstrapping Spring Data repositories in DEFAULT mode.
2020-01-19 20:35:13.292  INFO 15276 --- [restartedMain] .s.d.r.c.RepositoryConfigurationDelegate : Finished Spring Data repository scanning in 46ms. Found 3 repository interfaces.
2020-01-19 20:35:13.622  INFO 15276 --- [restartedMain] trationDelegate$BeanPostProcessorChecker : Bean 'org.springframework.transaction.annotation.ProxyTransactionManagementConfiguration' of type [org.springframework.transaction.annotation.ProxyTransactionManagementConfiguration$$EnhancerBySpringCGLIB$$50ba0456] is not eligible for getting processed by all BeanPostProcessors (for example: not eligible for auto-proxying)
2020-01-19 20:35:14.011  INFO 15276 --- [restartedMain] o.s.b.w.embedded.tomcat.TomcatWebServer  : Tomcat initialized with port(s): 8080 (http)
2020-01-19 20:35:14.133  INFO 15276 --- [restartedMain] o.s.web.context.ContextLoader            : Root WebApplicationContext: initialization completed in 1694 ms
2020-01-19 20:35:15.749  INFO 15276 --- [restartedMain] j.LocalContainerEntityManagerFactoryBean : Initialized JPA EntityManagerFactory for persistence unit 'default'
2020-01-19 20:35:16.271  INFO 15276 --- [restartedMain] o.s.s.concurrent.ThreadPoolTaskExecutor  : Initializing ExecutorService 'applicationTaskExecutor'
2020-01-19 20:35:16.299  WARN 15276 --- [restartedMain] aWebConfiguration$JpaWebMvcConfiguration : spring.jpa.open-in-view is enabled by default. Therefore, database queries may be performed during view rendering. Explicitly configure spring.jpa.open-in-view to disable this warning
2020-01-19 20:35:16.517  INFO 15276 --- [restartedMain] o.s.b.d.a.OptionalLiveReloadServer       : LiveReload server is running on port 35729
2020-01-19 20:35:16.568  INFO 15276 --- [restartedMain] o.s.b.w.embedded.tomcat.TomcatWebServer  : Tomcat started on port(s): 8080 (http) with context path ''
2020-01-19 20:35:16.573  INFO 15276 --- [restartedMain] c.jrp.pma.ProjectManagementApplication   : Started ProjectManagementApplication in 4.56 seconds (JVM running for 5.64)
2020-01-19 20:35:22.676  INFO 15276 --- [http-nio-8080-exec-1] o.s.web.servlet.DispatcherServlet        : Initializing Servlet 'dispatcherServlet'
2020-01-19 20:35:22.688  INFO 15276 --- [http-nio-8080-exec-1] o.s.web.servlet.DispatcherServlet        : Completed initialization in 11 ms
2020-01-19 20:35:22.724 DEBUG 15276 --- [http-nio-8080-exec-1] c.j.pma.logging.ApplicationLoggerAspect  :  
 
 
 
2020-01-19 20:35:22.725 DEBUG 15276 --- [http-nio-8080-exec-1] c.j.pma.logging.ApplicationLoggerAspect  : ************ Before Method Execution ************ 
 -PKG-com.jrp.pma.controllers.HomeController.-Method-displayHome () with arguments[s] = [{}]
2020-01-19 20:35:22.752 DEBUG 15276 --- [http-nio-8080-exec-1] c.j.pma.logging.ApplicationLoggerAspect  : _________________________________________________ 
 
 

2020-01-19 20:35:23.103 DEBUG 15276 --- [http-nio-8080-exec-1] c.j.pma.logging.ApplicationLoggerAspect  : ************ After Method Execution ************ 
 com.jrp.pma.controllers.HomeController.displayHome () with arguments[s] = [{versionNumber=2.2.2, projectsList=[com.jrp.pma.entities.Project@57a8b851, com.jrp.pma.entities.Project@7f49f5da, com.jrp.pma.entities.Project@6de918cd, com.jrp.pma.entities.Project@767ca58a, com.jrp.pma.entities.Project@3649519e], projectStatusCnt=[{"value":2,"label":"INPROGRESS"},{"value":1,"label":"COMPLETED"},{"value":2,"label":"NOTSTARTED"}], employeesListProjectsCnt=[org.springframework.data.jpa.repository.query.AbstractJpaQuery$TupleConverter$TupleBackedMap@493eda7a, org.springframework.data.jpa.repository.query.AbstractJpaQuery$TupleConverter$TupleBackedMap@3738e077, org.springframework.data.jpa.repository.query.AbstractJpaQuery$TupleConverter$TupleBackedMap@65f7ecd0, org.springframework.data.jpa.repository.query.AbstractJpaQuery$TupleConverter$TupleBackedMap@5aa5171e, org.springframework.data.jpa.repository.query.AbstractJpaQuery$TupleConverter$TupleBackedMap@26f53891, org.springframework.data.jpa.repository.query.AbstractJpaQuery$TupleConverter$TupleBackedMap@563e4f60, org.springframework.data.jpa.repository.query.AbstractJpaQuery$TupleConverter$TupleBackedMap@cf5b81b, org.springframework.data.jpa.repository.query.AbstractJpaQuery$TupleConverter$TupleBackedMap@7e9a437c, org.springframework.data.jpa.repository.query.AbstractJpaQuery$TupleConverter$TupleBackedMap@71a4cd8e, org.springframework.data.jpa.repository.query.AbstractJpaQuery$TupleConverter$TupleBackedMap@5545c995]}]
2020-01-19 20:35:23.103 DEBUG 15276 --- [http-nio-8080-exec-1] c.j.pma.logging.ApplicationLoggerAspect  : _________________________________________________ 
 
 

2020-01-19 20:49:09.085  INFO 15276 --- [Thread-6] o.s.s.concurrent.ThreadPoolTaskExecutor  : Shutting down ExecutorService 'applicationTaskExecutor'
2020-01-19 20:49:09.086  INFO 15276 --- [Thread-6] j.LocalContainerEntityManagerFactoryBean : Closing JPA EntityManagerFactory for persistence unit 'default'
